#
# There is insufficient memory for the Java Runtime Environment to continue.
# Native memory allocation (malloc) failed to allocate 111072 bytes. Error detail: Chunk::new
# Possible reasons:
#   The system is out of physical RAM or swap space
#   This process is running with CompressedOops enabled, and the Java Heap may be blocking the growth of the native heap
# Possible solutions:
#   Reduce memory load on the system
#   Increase physical memory or swap space
#   Check if swap backing store is full
#   Decrease Java heap size (-Xmx/-Xms)
#   Decrease number of Java threads
#   Decrease Java thread stack sizes (-Xss)
#   Set larger code cache with -XX:ReservedCodeCacheSize=
#   JVM is running with Unscaled Compressed Oops mode in which the Java heap is
#     placed in the first 4GB address space. The Java Heap base address is the
#     maximum limit for the native heap growth. Please use -XX:HeapBaseMinAddress
#     to set the Java Heap base and to place the Java Heap above 4GB virtual address.
# This output file may be truncated or incomplete.
#
#  Out of Memory Error (arena.cpp:149), pid=6340, tid=9340
#
# JRE version: Java(TM) SE Runtime Environment (23.0.1+11) (build 23.0.1+11-39)
# Java VM: Java HotSpot(TM) 64-Bit Server VM (23.0.1+11-39, mixed mode, sharing, tiered, compressed oops, compressed class ptrs, g1 gc, windows-amd64)
# No core dump will be written. Minidumps are not enabled by default on client versions of Windows
#

---------------  S U M M A R Y ------------

Command Line: -Xmx64m -Xms64m -Dorg.gradle.appname=gradlew org.gradle.wrapper.GradleWrapperMain app:installDebug -PreactNativeDevServerPort=8081

Host: Intel(R) Core(TM) i5-7200U CPU @ 2.50GHz, 4 cores, 7G,  Windows 10 , 64 bit Build 19041 (10.0.19041.5198)
Time: Mon Feb  3 08:35:30 2025 GMT Standard Time elapsed time: 0.545901 seconds (0d 0h 0m 0s)

---------------  T H R E A D  ---------------

Current thread (0x000001f4c1114060):  JavaThread "C2 CompilerThread0" daemon [_thread_in_native, id=9340, stack(0x000000a7dfc00000,0x000000a7dfd00000) (1024K)]


Current CompileTask:
C2:546  468   !   4       java.util.zip.ZipFile$Source::checkAndAddEntry (359 bytes)

Stack: [0x000000a7dfc00000,0x000000a7dfd00000]
Native frames: (J=compiled Java code, j=interpreted, Vv=VM code, C=native code)
V  [jvm.dll+0x6e08b9]  (no source info available)
V  [jvm.dll+0x87dc83]  (no source info available)
V  [jvm.dll+0x88010e]  (no source info available)
V  [jvm.dll+0x8807e3]  (no source info available)
V  [jvm.dll+0x27aee6]  (no source info available)
V  [jvm.dll+0xbc06f]  (no source info available)
V  [jvm.dll+0xbc2cb]  (no source info available)
V  [jvm.dll+0x3b3a9c]  (no source info available)
V  [jvm.dll+0x38a42b]  (no source info available)
V  [jvm.dll+0x38989a]  (no source info available)
V  [jvm.dll+0x244aa1]  (no source info available)
V  [jvm.dll+0x243dff]  (no source info available)
V  [jvm.dll+0x1c33a0]  (no source info available)
V  [jvm.dll+0x253cf1]  (no source info available)
V  [jvm.dll+0x251faa]  (no source info available)
V  [jvm.dll+0x3ee036]  (no source info available)
V  [jvm.dll+0x824f8b]  (no source info available)
V  [jvm.dll+0x6df065]  (no source info available)
C  [ucrtbase.dll+0x21bb2]  (no source info available)
C  [KERNEL32.DLL+0x17374]  (no source info available)
C  [ntdll.dll+0x4cc91]  (no source info available)

Lock stack of current Java thread (top to bottom):


---------------  P R O C E S S  ---------------

Threads class SMR info:
_java_thread_list=0x000001f4c1368900, length=12, elements={
0x000001f4ca06c230, 0x000001f4c11035c0, 0x000001f4c1104ca0, 0x000001f4c110a100,
0x000001f4c110ad10, 0x000001f4c110c0c0, 0x000001f4c11127d0, 0x000001f4c1114060,
0x000001f4c1115c00, 0x000001f4c1270010, 0x000001f4c1297f90, 0x000001f4c15cab10
}

Java Threads: ( => current thread )
  0x000001f4ca06c230 JavaThread "main"                              [_thread_in_vm, id=11488, stack(0x000000a7dee00000,0x000000a7def00000) (1024K)]
  0x000001f4c11035c0 JavaThread "Reference Handler"          daemon [_thread_blocked, id=8480, stack(0x000000a7df600000,0x000000a7df700000) (1024K)]
  0x000001f4c1104ca0 JavaThread "Finalizer"                  daemon [_thread_blocked, id=10256, stack(0x000000a7df700000,0x000000a7df800000) (1024K)]
  0x000001f4c110a100 JavaThread "Signal Dispatcher"          daemon [_thread_blocked, id=18168, stack(0x000000a7df800000,0x000000a7df900000) (1024K)]
  0x000001f4c110ad10 JavaThread "Attach Listener"            daemon [_thread_blocked, id=13828, stack(0x000000a7df900000,0x000000a7dfa00000) (1024K)]
  0x000001f4c110c0c0 JavaThread "Service Thread"             daemon [_thread_blocked, id=10756, stack(0x000000a7dfa00000,0x000000a7dfb00000) (1024K)]
  0x000001f4c11127d0 JavaThread "Monitor Deflation Thread"   daemon [_thread_blocked, id=13408, stack(0x000000a7dfb00000,0x000000a7dfc00000) (1024K)]
=>0x000001f4c1114060 JavaThread "C2 CompilerThread0"         daemon [_thread_in_native, id=9340, stack(0x000000a7dfc00000,0x000000a7dfd00000) (1024K)]
  0x000001f4c1115c00 JavaThread "C1 CompilerThread0"         daemon [_thread_in_native, id=19364, stack(0x000000a7dfd00000,0x000000a7dfe00000) (1024K)]
  0x000001f4c1270010 JavaThread "Notification Thread"        daemon [_thread_blocked, id=14172, stack(0x000000a7dfe00000,0x000000a7dff00000) (1024K)]
  0x000001f4c1297f90 JavaThread "Common-Cleaner"             daemon [_thread_blocked, id=15892, stack(0x000000a7dff00000,0x000000a7e0000000) (1024K)]
  0x000001f4c15cab10 JavaThread "C2 CompilerThread1"         daemon [_thread_in_native, id=10184, stack(0x000000a7e0000000,0x000000a7e0100000) (1024K)]
Total: 12

Other Threads:
  0x000001f4c10eac90 VMThread "VM Thread"                           [id=8988, stack(0x000000a7df500000,0x000000a7df600000) (1024K)]
  0x000001f4cc2fa060 WatcherThread "VM Periodic Task Thread"        [id=20312, stack(0x000000a7df400000,0x000000a7df500000) (1024K)]
  0x000001f4cc24e120 WorkerThread "GC Thread#0"                     [id=5016, stack(0x000000a7def00000,0x000000a7df000000) (1024K)]
  0x000001f4cc24fb70 ConcurrentGCThread "G1 Main Marker"            [id=16280, stack(0x000000a7df000000,0x000000a7df100000) (1024K)]
  0x000001f4cc250680 WorkerThread "G1 Conc#0"                       [id=15036, stack(0x000000a7df100000,0x000000a7df200000) (1024K)]
  0x000001f4cc2a8e60 ConcurrentGCThread "G1 Refine#0"               [id=1744, stack(0x000000a7df200000,0x000000a7df300000) (1024K)]
  0x000001f4cc2a9b90 ConcurrentGCThread "G1 Service"                [id=13572, stack(0x000000a7df300000,0x000000a7df400000) (1024K)]
Total: 7

Threads with active compile tasks:
C2 CompilerThread0  666  468   !   4       java.util.zip.ZipFile$Source::checkAndAddEntry (359 bytes)
C2 CompilerThread1  666  519       4       java.lang.StringLatin1::newString (24 bytes)
Total: 2

VM state: not at safepoint (normal execution)

VM Mutex/Monitor currently owned by a thread: None

Heap address: 0x00000000fc000000, size: 64 MB, Compressed Oops mode: 32-bit

CDS archive(s) mapped at: [0x000001f480000000-0x000001f480d70000-0x000001f480d70000), size 14090240, SharedBaseAddress: 0x000001f480000000, ArchiveRelocationMode: 1.
Compressed class space mapped at: 0x000001f481000000-0x000001f4c1000000, reserved size: 1073741824
Narrow klass base: 0x000001f480000000, Narrow klass shift: 0, Narrow klass range: 0x41000000

GC Precious Log:
 CardTable entry size: 512
 Card Set container configuration: InlinePtr #cards 5 size 8 Array Of Cards #cards 10 size 36 Howl #buckets 4 coarsen threshold 1843 Howl Bitmap #cards 512 size 80 coarsen threshold 460 Card regions per heap region 1 cards per card region 2048
 CPUs: 4 total, 4 available
 Memory: 8093M
 Large Page Support: Disabled
 NUMA Support: Disabled
 Compressed Oops: Enabled (32-bit)
 Heap Region Size: 1M
 Heap Min Capacity: 64M
 Heap Initial Capacity: 64M
 Heap Max Capacity: 64M
 Pre-touch: Disabled
 Parallel Workers: 4
 Concurrent Workers: 1
 Concurrent Refinement Workers: 4
 Periodic GC: Disabled

Heap:
 garbage-first heap   total reserved 65536K, committed 65536K, used 13312K [0x00000000fc000000, 0x0000000100000000)
  region size 1024K, 14 young (14336K), 0 survivors (0K)
 Metaspace       used 1537K, committed 1728K, reserved 1114112K
  class space    used 150K, committed 256K, reserved 1048576K

Heap Regions: E=young(eden), S=young(survivor), O=old, HS=humongous(starts), HC=humongous(continues), CS=collection set, F=free, TAMS=top-at-mark-start, PB=parsable bottom
|   0|0x00000000fc000000, 0x00000000fc000000, 0x00000000fc100000|  0%| F|  |TAMS 0x00000000fc000000| PB 0x00000000fc000000| Untracked |  0
|   1|0x00000000fc100000, 0x00000000fc100000, 0x00000000fc200000|  0%| F|  |TAMS 0x00000000fc100000| PB 0x00000000fc100000| Untracked |  0
|   2|0x00000000fc200000, 0x00000000fc200000, 0x00000000fc300000|  0%| F|  |TAMS 0x00000000fc200000| PB 0x00000000fc200000| Untracked |  0
|   3|0x00000000fc300000, 0x00000000fc300000, 0x00000000fc400000|  0%| F|  |TAMS 0x00000000fc300000| PB 0x00000000fc300000| Untracked |  0
|   4|0x00000000fc400000, 0x00000000fc400000, 0x00000000fc500000|  0%| F|  |TAMS 0x00000000fc400000| PB 0x00000000fc400000| Untracked |  0
|   5|0x00000000fc500000, 0x00000000fc500000, 0x00000000fc600000|  0%| F|  |TAMS 0x00000000fc500000| PB 0x00000000fc500000| Untracked |  0
|   6|0x00000000fc600000, 0x00000000fc600000, 0x00000000fc700000|  0%| F|  |TAMS 0x00000000fc600000| PB 0x00000000fc600000| Untracked |  0
|   7|0x00000000fc700000, 0x00000000fc700000, 0x00000000fc800000|  0%| F|  |TAMS 0x00000000fc700000| PB 0x00000000fc700000| Untracked |  0
|   8|0x00000000fc800000, 0x00000000fc800000, 0x00000000fc900000|  0%| F|  |TAMS 0x00000000fc800000| PB 0x00000000fc800000| Untracked |  0
|   9|0x00000000fc900000, 0x00000000fc900000, 0x00000000fca00000|  0%| F|  |TAMS 0x00000000fc900000| PB 0x00000000fc900000| Untracked |  0
|  10|0x00000000fca00000, 0x00000000fca00000, 0x00000000fcb00000|  0%| F|  |TAMS 0x00000000fca00000| PB 0x00000000fca00000| Untracked |  0
|  11|0x00000000fcb00000, 0x00000000fcb00000, 0x00000000fcc00000|  0%| F|  |TAMS 0x00000000fcb00000| PB 0x00000000fcb00000| Untracked |  0
|  12|0x00000000fcc00000, 0x00000000fcc00000, 0x00000000fcd00000|  0%| F|  |TAMS 0x00000000fcc00000| PB 0x00000000fcc00000| Untracked |  0
|  13|0x00000000fcd00000, 0x00000000fcd00000, 0x00000000fce00000|  0%| F|  |TAMS 0x00000000fcd00000| PB 0x00000000fcd00000| Untracked |  0
|  14|0x00000000fce00000, 0x00000000fce00000, 0x00000000fcf00000|  0%| F|  |TAMS 0x00000000fce00000| PB 0x00000000fce00000| Untracked |  0
|  15|0x00000000fcf00000, 0x00000000fcf00000, 0x00000000fd000000|  0%| F|  |TAMS 0x00000000fcf00000| PB 0x00000000fcf00000| Untracked |  0
|  16|0x00000000fd000000, 0x00000000fd000000, 0x00000000fd100000|  0%| F|  |TAMS 0x00000000fd000000| PB 0x00000000fd000000| Untracked |  0
|  17|0x00000000fd100000, 0x00000000fd100000, 0x00000000fd200000|  0%| F|  |TAMS 0x00000000fd100000| PB 0x00000000fd100000| Untracked |  0
|  18|0x00000000fd200000, 0x00000000fd200000, 0x00000000fd300000|  0%| F|  |TAMS 0x00000000fd200000| PB 0x00000000fd200000| Untracked |  0
|  19|0x00000000fd300000, 0x00000000fd300000, 0x00000000fd400000|  0%| F|  |TAMS 0x00000000fd300000| PB 0x00000000fd300000| Untracked |  0
|  20|0x00000000fd400000, 0x00000000fd400000, 0x00000000fd500000|  0%| F|  |TAMS 0x00000000fd400000| PB 0x00000000fd400000| Untracked |  0
|  21|0x00000000fd500000, 0x00000000fd500000, 0x00000000fd600000|  0%| F|  |TAMS 0x00000000fd500000| PB 0x00000000fd500000| Untracked |  0
|  22|0x00000000fd600000, 0x00000000fd600000, 0x00000000fd700000|  0%| F|  |TAMS 0x00000000fd600000| PB 0x00000000fd600000| Untracked |  0
|  23|0x00000000fd700000, 0x00000000fd700000, 0x00000000fd800000|  0%| F|  |TAMS 0x00000000fd700000| PB 0x00000000fd700000| Untracked |  0
|  24|0x00000000fd800000, 0x00000000fd800000, 0x00000000fd900000|  0%| F|  |TAMS 0x00000000fd800000| PB 0x00000000fd800000| Untracked |  0
|  25|0x00000000fd900000, 0x00000000fd900000, 0x00000000fda00000|  0%| F|  |TAMS 0x00000000fd900000| PB 0x00000000fd900000| Untracked |  0
|  26|0x00000000fda00000, 0x00000000fda00000, 0x00000000fdb00000|  0%| F|  |TAMS 0x00000000fda00000| PB 0x00000000fda00000| Untracked |  0
|  27|0x00000000fdb00000, 0x00000000fdb00000, 0x00000000fdc00000|  0%| F|  |TAMS 0x00000000fdb00000| PB 0x00000000fdb00000| Untracked |  0
|  28|0x00000000fdc00000, 0x00000000fdc00000, 0x00000000fdd00000|  0%| F|  |TAMS 0x00000000fdc00000| PB 0x00000000fdc00000| Untracked |  0
|  29|0x00000000fdd00000, 0x00000000fdd00000, 0x00000000fde00000|  0%| F|  |TAMS 0x00000000fdd00000| PB 0x00000000fdd00000| Untracked |  0
|  30|0x00000000fde00000, 0x00000000fde00000, 0x00000000fdf00000|  0%| F|  |TAMS 0x00000000fde00000| PB 0x00000000fde00000| Untracked |  0
|  31|0x00000000fdf00000, 0x00000000fdf00000, 0x00000000fe000000|  0%| F|  |TAMS 0x00000000fdf00000| PB 0x00000000fdf00000| Untracked |  0
|  32|0x00000000fe000000, 0x00000000fe000000, 0x00000000fe100000|  0%| F|  |TAMS 0x00000000fe000000| PB 0x00000000fe000000| Untracked |  0
|  33|0x00000000fe100000, 0x00000000fe100000, 0x00000000fe200000|  0%| F|  |TAMS 0x00000000fe100000| PB 0x00000000fe100000| Untracked |  0
|  34|0x00000000fe200000, 0x00000000fe200000, 0x00000000fe300000|  0%| F|  |TAMS 0x00000000fe200000| PB 0x00000000fe200000| Untracked |  0
|  35|0x00000000fe300000, 0x00000000fe300000, 0x00000000fe400000|  0%| F|  |TAMS 0x00000000fe300000| PB 0x00000000fe300000| Untracked |  0
|  36|0x00000000fe400000, 0x00000000fe400000, 0x00000000fe500000|  0%| F|  |TAMS 0x00000000fe400000| PB 0x00000000fe400000| Untracked |  0
|  37|0x00000000fe500000, 0x00000000fe500000, 0x00000000fe600000|  0%| F|  |TAMS 0x00000000fe500000| PB 0x00000000fe500000| Untracked |  0
|  38|0x00000000fe600000, 0x00000000fe600000, 0x00000000fe700000|  0%| F|  |TAMS 0x00000000fe600000| PB 0x00000000fe600000| Untracked |  0
|  39|0x00000000fe700000, 0x00000000fe700000, 0x00000000fe800000|  0%| F|  |TAMS 0x00000000fe700000| PB 0x00000000fe700000| Untracked |  0
|  40|0x00000000fe800000, 0x00000000fe800000, 0x00000000fe900000|  0%| F|  |TAMS 0x00000000fe800000| PB 0x00000000fe800000| Untracked |  0
|  41|0x00000000fe900000, 0x00000000fe900000, 0x00000000fea00000|  0%| F|  |TAMS 0x00000000fe900000| PB 0x00000000fe900000| Untracked |  0
|  42|0x00000000fea00000, 0x00000000fea00000, 0x00000000feb00000|  0%| F|  |TAMS 0x00000000fea00000| PB 0x00000000fea00000| Untracked |  0
|  43|0x00000000feb00000, 0x00000000feb00000, 0x00000000fec00000|  0%| F|  |TAMS 0x00000000feb00000| PB 0x00000000feb00000| Untracked |  0
|  44|0x00000000fec00000, 0x00000000fec00000, 0x00000000fed00000|  0%| F|  |TAMS 0x00000000fec00000| PB 0x00000000fec00000| Untracked |  0
|  45|0x00000000fed00000, 0x00000000fed00000, 0x00000000fee00000|  0%| F|  |TAMS 0x00000000fed00000| PB 0x00000000fed00000| Untracked |  0
|  46|0x00000000fee00000, 0x00000000fee00000, 0x00000000fef00000|  0%| F|  |TAMS 0x00000000fee00000| PB 0x00000000fee00000| Untracked |  0
|  47|0x00000000fef00000, 0x00000000fef00000, 0x00000000ff000000|  0%| F|  |TAMS 0x00000000fef00000| PB 0x00000000fef00000| Untracked |  0
|  48|0x00000000ff000000, 0x00000000ff000000, 0x00000000ff100000|  0%| F|  |TAMS 0x00000000ff000000| PB 0x00000000ff000000| Untracked |  0
|  49|0x00000000ff100000, 0x00000000ff100000, 0x00000000ff200000|  0%| F|  |TAMS 0x00000000ff100000| PB 0x00000000ff100000| Untracked |  0
|  50|0x00000000ff200000, 0x00000000ff247af8, 0x00000000ff300000| 28%| E|  |TAMS 0x00000000ff200000| PB 0x00000000ff200000| Complete |  0
|  51|0x00000000ff300000, 0x00000000ff400000, 0x00000000ff400000|100%| E|CS|TAMS 0x00000000ff300000| PB 0x00000000ff300000| Complete |  0
|  52|0x00000000ff400000, 0x00000000ff500000, 0x00000000ff500000|100%| E|CS|TAMS 0x00000000ff400000| PB 0x00000000ff400000| Complete |  0
|  53|0x00000000ff500000, 0x00000000ff600000, 0x00000000ff600000|100%| E|CS|TAMS 0x00000000ff500000| PB 0x00000000ff500000| Complete |  0
|  54|0x00000000ff600000, 0x00000000ff700000, 0x00000000ff700000|100%| E|CS|TAMS 0x00000000ff600000| PB 0x00000000ff600000| Complete |  0
|  55|0x00000000ff700000, 0x00000000ff800000, 0x00000000ff800000|100%| E|CS|TAMS 0x00000000ff700000| PB 0x00000000ff700000| Complete |  0
|  56|0x00000000ff800000, 0x00000000ff900000, 0x00000000ff900000|100%| E|CS|TAMS 0x00000000ff800000| PB 0x00000000ff800000| Complete |  0
|  57|0x00000000ff900000, 0x00000000ffa00000, 0x00000000ffa00000|100%| E|CS|TAMS 0x00000000ff900000| PB 0x00000000ff900000| Complete |  0
|  58|0x00000000ffa00000, 0x00000000ffb00000, 0x00000000ffb00000|100%| E|CS|TAMS 0x00000000ffa00000| PB 0x00000000ffa00000| Complete |  0
|  59|0x00000000ffb00000, 0x00000000ffc00000, 0x00000000ffc00000|100%| E|CS|TAMS 0x00000000ffb00000| PB 0x00000000ffb00000| Complete |  0
|  60|0x00000000ffc00000, 0x00000000ffd00000, 0x00000000ffd00000|100%| E|CS|TAMS 0x00000000ffc00000| PB 0x00000000ffc00000| Complete |  0
|  61|0x00000000ffd00000, 0x00000000ffe00000, 0x00000000ffe00000|100%| E|CS|TAMS 0x00000000ffd00000| PB 0x00000000ffd00000| Complete |  0
|  62|0x00000000ffe00000, 0x00000000fff00000, 0x00000000fff00000|100%| E|CS|TAMS 0x00000000ffe00000| PB 0x00000000ffe00000| Complete |  0
|  63|0x00000000fff00000, 0x0000000100000000, 0x0000000100000000|100%| E|CS|TAMS 0x00000000fff00000| PB 0x00000000fff00000| Complete |  0

Card table byte_map: [0x000001f4ca000000,0x000001f4ca020000] _byte_map_base: 0x000001f4c9820000

Marking Bits: (CMBitMap*) 0x000001f4cc24e830
 Bits: [0x000001f4cc020000, 0x000001f4cc120000)

Polling page: 0x000001f4c9fb0000

Metaspace:

Usage:
  Non-class:      1.35 MB used.
      Class:    150.85 KB used.
       Both:      1.50 MB used.

Virtual space:
  Non-class space:       64.00 MB reserved,       1.44 MB (  2%) committed,  1 nodes.
      Class space:        1.00 GB reserved,     256.00 KB ( <1%) committed,  1 nodes.
             Both:        1.06 GB reserved,       1.69 MB ( <1%) committed. 

Chunk freelists:
   Non-Class:  11.73 MB
       Class:  15.69 MB
        Both:  27.42 MB

MaxMetaspaceSize: unlimited
CompressedClassSpaceSize: 1.00 GB
Initial GC threshold: 21.00 MB
Current GC threshold: 21.00 MB
CDS: on
 - commit_granule_bytes: 65536.
 - commit_granule_words: 8192.
 - virtual_space_node_default_size: 8388608.
 - enlarge_chunks_in_place: 1.
 - use_allocation_guard: 0.


Internal statistics:

num_allocs_failed_limit: 0.
num_arena_births: 24.
num_arena_deaths: 0.
num_vsnodes_births: 2.
num_vsnodes_deaths: 0.
num_space_committed: 27.
num_space_uncommitted: 0.
num_chunks_returned_to_freelist: 0.
num_chunks_taken_from_freelist: 54.
num_chunk_merges: 0.
num_chunk_splits: 29.
num_chunks_enlarged: 18.
num_inconsistent_stats: 0.

CodeHeap 'non-profiled nmethods': size=120064Kb used=148Kb max_used=148Kb free=119915Kb
 bounds [0x000001f4dc430000, 0x000001f4dc6a0000, 0x000001f4e3970000]
CodeHeap 'profiled nmethods': size=120000Kb used=623Kb max_used=623Kb free=119376Kb
 bounds [0x000001f4d4970000, 0x000001f4d4be0000, 0x000001f4dbea0000]
CodeHeap 'non-nmethods': size=5696Kb used=1311Kb max_used=1329Kb free=4384Kb
 bounds [0x000001f4dbea0000, 0x000001f4dc110000, 0x000001f4dc430000]
CodeCache: size=245760Kb, used=2082Kb, max_used=2100Kb, free=243675Kb
 total_blobs=951, nmethods=522, adapters=335, full_count=0
Compilation: enabled, stopped_count=0, restarted_count=0

Compilation events (20 events):
Event: 0.527 Thread 0x000001f4c1115c00 nmethod 461 0x000001f4d49f8b88 code [0x000001f4d49f8ca0, 0x000001f4d49f8e78]
Event: 0.527 Thread 0x000001f4c1115c00  462       3       java.util.regex.Pattern::append (43 bytes)
Event: 0.528 Thread 0x000001f4c1115c00 nmethod 462 0x000001f4d49f8e88 code [0x000001f4d49f8fe0, 0x000001f4d49f93a8]
Event: 0.529 Thread 0x000001f4c1114060  463       4       sun.nio.fs.WindowsPathParser::isSlash (18 bytes)
Event: 0.529 Thread 0x000001f4c1114060 nmethod 463 0x000001f4dc44fa88 code [0x000001f4dc44fb80, 0x000001f4dc44fc10]
Event: 0.531 Thread 0x000001f4c1115c00  464       3       java.lang.Character::codePointAt (51 bytes)
Event: 0.532 Thread 0x000001f4c1115c00 nmethod 464 0x000001f4d49f9408 code [0x000001f4d49f9580, 0x000001f4d49f9ba8]
Event: 0.532 Thread 0x000001f4c1115c00  465       3       java.lang.Character::isHighSurrogate (18 bytes)
Event: 0.532 Thread 0x000001f4c1115c00 nmethod 465 0x000001f4d49f9c08 code [0x000001f4d49f9d20, 0x000001f4d49f9e90]
Event: 0.532 Thread 0x000001f4c1114060  467       4       java.util.zip.ZipFile$Source::zipCoderForPos (39 bytes)
Event: 0.532 Thread 0x000001f4c1115c00  466       3       java.util.regex.Pattern$$Lambda/0x000001f4810558d8::is (5 bytes)
Event: 0.532 Thread 0x000001f4c1115c00 nmethod 466 0x000001f4d49f9f08 code [0x000001f4d49fa020, 0x000001f4d49fa268]
Event: 0.533 Thread 0x000001f4c1114060 nmethod 467 0x000001f4dc44fd88 code [0x000001f4dc44fe80, 0x000001f4dc44ff40]
Event: 0.533 Thread 0x000001f4c1114060  468   !   4       java.util.zip.ZipFile$Source::checkAndAddEntry (359 bytes)
Event: 0.537 Thread 0x000001f4c1115c00  470       3       java.lang.Float::isNaN (12 bytes)
Event: 0.537 Thread 0x000001f4c1115c00 nmethod 470 0x000001f4d49fa288 code [0x000001f4d49fa3a0, 0x000001f4d49fa500]
Event: 0.540 Thread 0x000001f4c1115c00  471       3       java.lang.ref.PhantomReference::<init> (7 bytes)
Event: 0.540 Thread 0x000001f4c1115c00 nmethod 471 0x000001f4d49fa588 code [0x000001f4d49fa6c0, 0x000001f4d49fa988]
Event: 0.540 Thread 0x000001f4c1115c00  472       3       java.util.ArrayList::grow (60 bytes)
Event: 0.541 Thread 0x000001f4c1115c00 nmethod 472 0x000001f4d49faa08 code [0x000001f4d49fab80, 0x000001f4d49fb178]

GC Heap History (0 events):
No events

Dll operation events (6 events):
Event: 0.013 Loaded shared library C:\Program Files\Java\jdk-23\bin\java.dll
Event: 0.072 Loaded shared library C:\Program Files\Java\jdk-23\bin\jsvml.dll
Event: 0.112 Loaded shared library C:\Program Files\Java\jdk-23\bin\net.dll
Event: 0.115 Loaded shared library C:\Program Files\Java\jdk-23\bin\nio.dll
Event: 0.121 Loaded shared library C:\Program Files\Java\jdk-23\bin\zip.dll
Event: 0.129 Loaded shared library C:\Program Files\Java\jdk-23\bin\verify.dll

Deoptimization events (20 events):
Event: 0.403 Thread 0x000001f4ca06c230 DEOPT PACKING pc=0x000001f4d4995571 sp=0x000000a7deefed60
Event: 0.403 Thread 0x000001f4ca06c230 DEOPT UNPACKING pc=0x000001f4dbef4b22 sp=0x000000a7deefe1d0 mode 0
Event: 0.417 Thread 0x000001f4ca06c230 DEOPT PACKING pc=0x000001f4d49c45bf sp=0x000000a7deefeca0
Event: 0.417 Thread 0x000001f4ca06c230 DEOPT UNPACKING pc=0x000001f4dbef4b22 sp=0x000000a7deefe118 mode 0
Event: 0.422 Thread 0x000001f4ca06c230 DEOPT PACKING pc=0x000001f4d49c45bf sp=0x000000a7deefea70
Event: 0.422 Thread 0x000001f4ca06c230 DEOPT UNPACKING pc=0x000001f4dbef4b22 sp=0x000000a7deefdee8 mode 0
Event: 0.422 Thread 0x000001f4ca06c230 DEOPT PACKING pc=0x000001f4d49c45bf sp=0x000000a7deefea70
Event: 0.422 Thread 0x000001f4ca06c230 DEOPT UNPACKING pc=0x000001f4dbef4b22 sp=0x000000a7deefdee8 mode 0
Event: 0.422 Thread 0x000001f4ca06c230 DEOPT PACKING pc=0x000001f4d49c45bf sp=0x000000a7deefea70
Event: 0.422 Thread 0x000001f4ca06c230 DEOPT UNPACKING pc=0x000001f4dbef4b22 sp=0x000000a7deefdee8 mode 0
Event: 0.455 Thread 0x000001f4ca06c230 DEOPT PACKING pc=0x000001f4d49c38f9 sp=0x000000a7deefea10
Event: 0.455 Thread 0x000001f4ca06c230 DEOPT UNPACKING pc=0x000001f4dbef4b22 sp=0x000000a7deefded8 mode 0
Event: 0.455 Thread 0x000001f4ca06c230 DEOPT PACKING pc=0x000001f4d49c38f9 sp=0x000000a7deefeaf0
Event: 0.455 Thread 0x000001f4ca06c230 DEOPT UNPACKING pc=0x000001f4dbef4b22 sp=0x000000a7deefdfb8 mode 0
Event: 0.463 Thread 0x000001f4ca06c230 DEOPT PACKING pc=0x000001f4d49c38f9 sp=0x000000a7deefe8e0
Event: 0.463 Thread 0x000001f4ca06c230 DEOPT UNPACKING pc=0x000001f4dbef4b22 sp=0x000000a7deefdda8 mode 0
Event: 0.489 Thread 0x000001f4ca06c230 Uncommon trap: trap_request=0xffffff45 fr.pc=0x000001f4dc440598 relative=0x0000000000000098
Event: 0.489 Thread 0x000001f4ca06c230 Uncommon trap: reason=unstable_if action=reinterpret pc=0x000001f4dc440598 method=java.util.regex.Pattern.append(II)V @ 9 c2
Event: 0.489 Thread 0x000001f4ca06c230 DEOPT PACKING pc=0x000001f4dc440598 sp=0x000000a7deefea00
Event: 0.489 Thread 0x000001f4ca06c230 DEOPT UNPACKING pc=0x000001f4dbef4402 sp=0x000000a7deefe990 mode 2

Classes loaded (20 events):
Event: 0.293 Loading class sun/net/www/MessageHeader
Event: 0.293 Loading class sun/net/www/MessageHeader done
Event: 0.294 Loading class java/io/FilePermission$1
Event: 0.294 Loading class jdk/internal/access/JavaIOFilePermissionAccess
Event: 0.294 Loading class jdk/internal/access/JavaIOFilePermissionAccess done
Event: 0.294 Loading class java/io/FilePermission$1 done
Event: 0.294 Loading class java/io/FilePermissionCollection
Event: 0.294 Loading class java/io/FilePermissionCollection done
Event: 0.294 Loading class java/util/Vector
Event: 0.295 Loading class java/util/Vector done
Event: 0.327 Loading class java/net/MalformedURLException
Event: 0.327 Loading class java/net/MalformedURLException done
Event: 0.330 Loading class java/io/FileFilter
Event: 0.330 Loading class java/io/FileFilter done
Event: 0.363 Loading class java/lang/IndexOutOfBoundsException
Event: 0.363 Loading class java/lang/IndexOutOfBoundsException done
Event: 0.368 Loading class java/util/AbstractList$Itr
Event: 0.368 Loading class java/util/AbstractList$Itr done
Event: 0.400 Loading class java/lang/invoke/DirectMethodHandle$Special
Event: 0.400 Loading class java/lang/invoke/DirectMethodHandle$Special done

Classes unloaded (0 events):
No events

Classes redefined (0 events):
No events

Internal exceptions (3 events):
Event: 0.297 Thread 0x000001f4ca06c230 Exception <a 'java/lang/NoSuchMethodError'{0x00000000ffde9580}: 'void java.lang.invoke.DirectMethodHandle$Holder.invokeStatic(java.lang.Object, java.lang.Object)'> (0x00000000ffde9580) 
thrown [s\open\src\hotspot\share\interpreter\linkResolver.cpp, line 796]
Event: 0.298 Thread 0x000001f4ca06c230 Exception <a 'java/lang/NoSuchMethodError'{0x00000000ffded238}: 'void java.lang.invoke.DirectMethodHandle$Holder.invokeSpecial(java.lang.Object, java.lang.Object, java.lang.Object)'> (0x00000000ffded238) 
thrown [s\open\src\hotspot\share\interpreter\linkResolver.cpp, line 796]
Event: 0.321 Thread 0x000001f4ca06c230 Exception <a 'java/lang/NoSuchMethodError'{0x00000000ffc406c8}: 'int java.lang.invoke.DirectMethodHandle$Holder.invokeStaticInit(java.lang.Object, java.lang.Object)'> (0x00000000ffc406c8) 
thrown [s\open\src\hotspot\share\interpreter\linkResolver.cpp, line 796]

VM Operations (2 events):
Event: 0.123 Executing VM operation: HandshakeAllThreads (Deoptimize)
Event: 0.123 Executing VM operation: HandshakeAllThreads (Deoptimize) done

Memory protections (0 events):
No events

Nmethod flushes (0 events):
No events

Events (11 events):
Event: 0.039 Thread 0x000001f4ca06c230 Thread added: 0x000001f4ca06c230
Event: 0.068 Thread 0x000001f4ca06c230 Thread added: 0x000001f4c11035c0
Event: 0.068 Thread 0x000001f4ca06c230 Thread added: 0x000001f4c1104ca0
Event: 0.068 Thread 0x000001f4ca06c230 Thread added: 0x000001f4c110a100
Event: 0.068 Thread 0x000001f4ca06c230 Thread added: 0x000001f4c110ad10
Event: 0.068 Thread 0x000001f4ca06c230 Thread added: 0x000001f4c110c0c0
Event: 0.069 Thread 0x000001f4ca06c230 Thread added: 0x000001f4c11127d0
Event: 0.069 Thread 0x000001f4ca06c230 Thread added: 0x000001f4c1114060
Event: 0.069 Thread 0x000001f4ca06c230 Thread added: 0x000001f4c1115c00
Event: 0.104 Thread 0x000001f4ca06c230 Thread added: 0x000001f4c1270010
Event: 0.107 Thread 0x000001f4ca06c230 Thread added: 0x000001f4c1297f90


Dynamic libraries:
0x00007ff62f240000 - 0x00007ff62f250000 	C:\Program Files\Java\jdk-23\bin\java.exe
0x00007ffd19b90000 - 0x00007ffd19d88000 	C:\Windows\SYSTEM32\ntdll.dll
0x00007ffd18040000 - 0x00007ffd18102000 	C:\Windows\System32\KERNEL32.DLL
0x00007ffd17300000 - 0x00007ffd175ff000 	C:\Windows\System32\KERNELBASE.dll
0x00007ffd179d0000 - 0x00007ffd17ad0000 	C:\Windows\System32\ucrtbase.dll
0x00007ffd114a0000 - 0x00007ffd114b7000 	C:\Program Files\Java\jdk-23\bin\jli.dll
0x00007ffd11480000 - 0x00007ffd1149b000 	C:\Program Files\Java\jdk-23\bin\VCRUNTIME140.dll
0x00007ffd19880000 - 0x00007ffd19a1d000 	C:\Windows\System32\USER32.dll
0x00007ffd17b70000 - 0x00007ffd17b92000 	C:\Windows\System32\win32u.dll
0x00007ffd18ab0000 - 0x00007ffd18adb000 	C:\Windows\System32\GDI32.dll
0x00007ffd17670000 - 0x00007ffd17787000 	C:\Windows\System32\gdi32full.dll
0x00007ffd03f90000 - 0x00007ffd0422a000 	C:\Windows\WinSxS\amd64_microsoft.windows.common-controls_6595b64144ccf1df_6.0.19041.4355_none_60b8b9eb71f62e16\COMCTL32.dll
0x00007ffd17ad0000 - 0x00007ffd17b6d000 	C:\Windows\System32\msvcp_win.dll
0x00007ffd18a10000 - 0x00007ffd18aae000 	C:\Windows\System32\msvcrt.dll
0x00007ffd18340000 - 0x00007ffd1836f000 	C:\Windows\System32\IMM32.DLL
0x00007ffd14240000 - 0x00007ffd1424c000 	C:\Program Files\Java\jdk-23\bin\vcruntime140_1.dll
0x00007ffcf7f50000 - 0x00007ffcf7fde000 	C:\Program Files\Java\jdk-23\bin\msvcp140.dll
0x00007ffcde0e0000 - 0x00007ffcdee2f000 	C:\Program Files\Java\jdk-23\bin\server\jvm.dll
0x00007ffd19760000 - 0x00007ffd19811000 	C:\Windows\System32\ADVAPI32.dll
0x00007ffd188a0000 - 0x00007ffd1893f000 	C:\Windows\System32\sechost.dll
0x00007ffd19a20000 - 0x00007ffd19b43000 	C:\Windows\System32\RPCRT4.dll
0x00007ffd17790000 - 0x00007ffd177b7000 	C:\Windows\System32\bcrypt.dll
0x00007ffd18170000 - 0x00007ffd181db000 	C:\Windows\System32\WS2_32.dll
0x00007ffd16fd0000 - 0x00007ffd1701b000 	C:\Windows\SYSTEM32\POWRPROF.dll
0x00007ffcfa2b0000 - 0x00007ffcfa2d7000 	C:\Windows\SYSTEM32\WINMM.dll
0x00007ffd022d0000 - 0x00007ffd022da000 	C:\Windows\SYSTEM32\VERSION.dll
0x00007ffd16fb0000 - 0x00007ffd16fc2000 	C:\Windows\SYSTEM32\UMPDC.dll
0x00007ffd15a40000 - 0x00007ffd15a52000 	C:\Windows\SYSTEM32\kernel.appcore.dll
0x00007ffd14210000 - 0x00007ffd1421a000 	C:\Program Files\Java\jdk-23\bin\jimage.dll
0x00007ffd14f40000 - 0x00007ffd15124000 	C:\Windows\SYSTEM32\DBGHELP.DLL
0x00007ffcf7fe0000 - 0x00007ffcf8014000 	C:\Windows\SYSTEM32\dbgcore.DLL
0x00007ffd17270000 - 0x00007ffd172f2000 	C:\Windows\System32\bcryptPrimitives.dll
0x00007ffd0e150000 - 0x00007ffd0e16e000 	C:\Program Files\Java\jdk-23\bin\java.dll
0x00007ffd17f10000 - 0x00007ffd1803b000 	C:\Windows\System32\ole32.dll
0x00007ffd19400000 - 0x00007ffd19755000 	C:\Windows\System32\combase.dll
0x00007ffd18c90000 - 0x00007ffd193fe000 	C:\Windows\System32\SHELL32.dll
0x00007ffd15130000 - 0x00007ffd158d4000 	C:\Windows\SYSTEM32\windows.storage.dll
0x00007ffd16be0000 - 0x00007ffd16c0f000 	C:\Windows\SYSTEM32\Wldp.dll
0x00007ffd181e0000 - 0x00007ffd182ad000 	C:\Windows\System32\OLEAUT32.dll
0x00007ffd187f0000 - 0x00007ffd1889d000 	C:\Windows\System32\SHCORE.dll
0x00007ffd18110000 - 0x00007ffd18165000 	C:\Windows\System32\shlwapi.dll
0x00007ffd17150000 - 0x00007ffd17174000 	C:\Windows\SYSTEM32\profapi.dll
0x00007ffcf7e70000 - 0x00007ffcf7f47000 	C:\Program Files\Java\jdk-23\bin\jsvml.dll
0x00007ffd0d780000 - 0x00007ffd0d790000 	C:\Program Files\Java\jdk-23\bin\net.dll
0x00007ffd168e0000 - 0x00007ffd1694a000 	C:\Windows\system32\mswsock.dll
0x00007ffd0ae20000 - 0x00007ffd0ae36000 	C:\Program Files\Java\jdk-23\bin\nio.dll
0x00007ffd0d790000 - 0x00007ffd0d7a7000 	C:\Program Files\Java\jdk-23\bin\zip.dll
0x00007ffd0c560000 - 0x00007ffd0c570000 	C:\Program Files\Java\jdk-23\bin\verify.dll

dbghelp: loaded successfully - version: 4.0.5 - missing functions: none
symbol engine: initialized successfully - sym options: 0x614 - pdb path: .;C:\Program Files\Java\jdk-23\bin;C:\Windows\SYSTEM32;C:\Windows\WinSxS\amd64_microsoft.windows.common-controls_6595b64144ccf1df_6.0.19041.4355_none_60b8b9eb71f62e16;C:\Program Files\Java\jdk-23\bin\server

VM Arguments:
jvm_args: -Xmx64m -Xms64m -Dorg.gradle.appname=gradlew 
java_command: org.gradle.wrapper.GradleWrapperMain app:installDebug -PreactNativeDevServerPort=8081
java_class_path (initial): C:\Users\Amara\Documents\apps\newProject\android\\gradle\wrapper\gradle-wrapper.jar
Launcher Type: SUN_STANDARD

[Global flags]
     intx CICompilerCount                          = 3                                         {product} {ergonomic}
     uint ConcGCThreads                            = 1                                         {product} {ergonomic}
     uint G1ConcRefinementThreads                  = 4                                         {product} {ergonomic}
   size_t G1HeapRegionSize                         = 1048576                                   {product} {ergonomic}
   size_t InitialHeapSize                          = 67108864                                  {product} {command line}
   size_t MarkStackSize                            = 4194304                                   {product} {ergonomic}
   size_t MarkStackSizeMax                         = 536870912                                 {product} {ergonomic}
   size_t MaxHeapSize                              = 67108864                                  {product} {command line}
   size_t MaxNewSize                               = 39845888                                  {product} {ergonomic}
   size_t MinHeapDeltaBytes                        = 1048576                                   {product} {ergonomic}
   size_t MinHeapSize                              = 67108864                                  {product} {command line}
    uintx NonNMethodCodeHeapSize                   = 5832704                                {pd product} {ergonomic}
    uintx NonProfiledCodeHeapSize                  = 122945536                              {pd product} {ergonomic}
    uintx ProfiledCodeHeapSize                     = 122880000                              {pd product} {ergonomic}
    uintx ReservedCodeCacheSize                    = 251658240                              {pd product} {ergonomic}
     bool SegmentedCodeCache                       = true                                      {product} {ergonomic}
   size_t SoftMaxHeapSize                          = 67108864                               {manageable} {ergonomic}
     bool UseCompressedOops                        = true                           {product lp64_product} {ergonomic}
     bool UseG1GC                                  = true                                      {product} {ergonomic}
     bool UseLargePagesIndividualAllocation        = false                                  {pd product} {ergonomic}

Logging:
Log output configuration:
 #0: stdout all=warning uptime,level,tags foldmultilines=false
 #1: stderr all=off uptime,level,tags foldmultilines=false

Environment Variables:
JAVA_HOME=C:\Program Files\Java\jdk-23
CLASSPATH=C:\Users\Amara\Documents\apps\newProject\android\\gradle\wrapper\gradle-wrapper.jar
PATH=C:\Users\Amara\Documents\apps\newProject\node_modules\.bin;C:\Users\Amara\Documents\apps\newProject\node_modules\.bin;C:\Users\Amara\Documents\apps\node_modules\.bin;C:\Users\Amara\Documents\node_modules\.bin;C:\Users\Amara\node_modules\.bin;C:\Users\node_modules\.bin;C:\node_modules\.bin;C:\Program Files\nodejs\node_modules\npm\node_modules\@npmcli\run-script\lib\node-gyp-bin;C:\Program Files\Common Files\Oracle\Java\javapath;C:\Python313\Scripts\;C:\Python313\;C:\Program Files (x86)\Intel\Intel(R) Management Engine Components\iCLS\;C:\Program Files\Intel\Intel(R) Management Engine Components\iCLS\;C:\Windows\system32;C:\Windows;C:\Windows\System32\Wbem;C:\Windows\System32\WindowsPowerShell\v1.0\;C:\Windows\System32\OpenSSH\;c:\Program Files (x86)\Intel\Intel(R) Management Engine Components\DAL;c:\Program Files\Intel\Intel(R) Management Engine Components\DAL;c:\Program Files (x86)\Intel\Intel(R) Management Engine Components\IPT;c:\Program Files\Intel\Intel(R) Management Engine Components\IPT;C:\Program Files\Git\cmd;C:\Program Files\nodejs\;C:\ProgramData\chocolatey\bin;C:\Users\Amara\AppData\Local\Android\Sdk;C:\Users\Amara\AppData\Local\Android\Sdk\platform-tools;C:\Users\Amara\AppData\Local\Android\Sdk\tools;C:\Users\Amara\AppData\Local\Android\Sdk\platform-tools;C:\Users\Amara\AppData\Local\Microsoft\WindowsApps;C:\Users\Amara\AppData\Local\Programs\Microsoft VS Code\bin;C:\Users\Amara\AppData\Roaming\npm;C:\Users\Amara\AppData\Local\Android\Sdk\tools\bin;C:\Program Files\JetBrains\IntelliJ IDEA Community Edition 2024.3.2\bin
USERNAME=Amara
OS=Windows_NT
PROCESSOR_IDENTIFIER=Intel64 Family 6 Model 142 Stepping 9, GenuineIntel
TMP=C:\Users\Amara\AppData\Local\Temp
TEMP=C:\Users\Amara\AppData\Local\Temp




Periodic native trim disabled

---------------  S Y S T E M  ---------------

OS:
 Windows 10 , 64 bit Build 19041 (10.0.19041.5198)
OS uptime: 12 days 0:26 hours

CPU: total 4 (initial active 4) (2 cores per cpu, 2 threads per core) family 6 model 142 stepping 9 microcode 0xb4, cx8, cmov, fxsr, ht, mmx, 3dnowpref, sse, sse2, sse3, ssse3, sse4.1, sse4.2, popcnt, lzcnt, tsc, tscinvbit, avx, avx2, aes, erms, clmul, bmi1, bmi2, adx, fma, vzeroupper, clflush, clflushopt, rdtscp, f16c
Processor Information for the first 4 processors :
  Max Mhz: 2712, Current Mhz: 2511, Mhz Limit: 2495

Memory: 4k page, system-wide physical 8093M (408M free)
TotalPageFile size 23275M (AvailPageFile size 7M)
current process WorkingSet (physical memory assigned to process): 55M, peak: 55M
current process commit charge ("private bytes"): 140M, peak: 140M

vm_info: Java HotSpot(TM) 64-Bit Server VM (23.0.1+11-39) for windows-amd64 JRE (23.0.1+11-39), built on 2024-09-30T07:20:43Z with MS VC++ 17.6 (VS2022)

END.
